<?xml version="1.0" encoding="UTF-8"?>
<testng-results skipped="0" failed="0" total="21" passed="21">
  <reporter-output>
  </reporter-output>
  <suite name="Default suite" duration-ms="34441" started-at="2018-04-15T21:20:13Z" finished-at="2018-04-15T21:20:48Z">
    <groups>
    </groups>
    <test name="Default test" duration-ms="34441" started-at="2018-04-15T21:20:13Z" finished-at="2018-04-15T21:20:48Z">
      <class name="com.testing.XeroAutomation.TestScriptsXero">
        <test-method status="PASS" signature="BeforeTest()[pri:0, instance:com.testing.XeroAutomation.TestScriptsXero@6e06451e]" name="BeforeTest" is-config="true" duration-ms="210" started-at="2018-04-15T14:20:13Z" finished-at="2018-04-15T14:20:13Z">
          <reporter-output>
          </reporter-output>
        </test-method> <!-- BeforeTest -->
        <test-method status="PASS" signature="NavigatetoXero_ID01A(java.lang.String, java.lang.String, java.lang.String)[pri:0, instance:com.testing.XeroAutomation.TestScriptsXero@6e06451e]" name="NavigatetoXero_ID01A" duration-ms="7" started-at="2018-04-15T14:20:14Z" data-provider="getDataFromExcel" finished-at="2018-04-15T14:20:14Z">
          <params>
            <param index="0">
              <value is-null="true"/>
            </param>
            <param index="1">
              <value is-null="true"/>
            </param>
            <param index="2">
              <value is-null="true"/>
            </param>
          </params>
          <reporter-output>
          </reporter-output>
        </test-method> <!-- NavigatetoXero_ID01A -->
        <test-method status="PASS" signature="NavigatetoXero_ID01A(java.lang.String, java.lang.String, java.lang.String)[pri:0, instance:com.testing.XeroAutomation.TestScriptsXero@6e06451e]" name="NavigatetoXero_ID01A" duration-ms="17591" started-at="2018-04-15T14:20:14Z" data-provider="getDataFromExcel" finished-at="2018-04-15T14:20:31Z">
          <params>
            <param index="0">
              <value>
                <![CDATA[NavigatetoXero_ID01A]]>
              </value>
            </param>
            <param index="1">
              <value>
                <![CDATA[Opera]]>
              </value>
            </param>
            <param index="2">
              <value>
                <![CDATA[Y]]>
              </value>
            </param>
          </params>
          <reporter-output>
          </reporter-output>
        </test-method> <!-- NavigatetoXero_ID01A -->
        <test-method status="PASS" signature="NavigatetoXero_ID01A(java.lang.String, java.lang.String, java.lang.String)[pri:0, instance:com.testing.XeroAutomation.TestScriptsXero@6e06451e]" name="NavigatetoXero_ID01A" duration-ms="15890" started-at="2018-04-15T14:20:31Z" data-provider="getDataFromExcel" finished-at="2018-04-15T14:20:47Z">
          <params>
            <param index="0">
              <value>
                <![CDATA[NavigatetoXero_ID01A]]>
              </value>
            </param>
            <param index="1">
              <value>
                <![CDATA[Chrome]]>
              </value>
            </param>
            <param index="2">
              <value>
                <![CDATA[Y]]>
              </value>
            </param>
          </params>
          <reporter-output>
          </reporter-output>
        </test-method> <!-- NavigatetoXero_ID01A -->
        <test-method status="PASS" signature="NavigatetoXero_ID01A(java.lang.String, java.lang.String, java.lang.String)[pri:0, instance:com.testing.XeroAutomation.TestScriptsXero@6e06451e]" name="NavigatetoXero_ID01A" duration-ms="2" started-at="2018-04-15T14:20:47Z" data-provider="getDataFromExcel" finished-at="2018-04-15T14:20:47Z">
          <params>
            <param index="0">
              <value>
                <![CDATA[IncorrectPassword_ID01B]]>
              </value>
            </param>
            <param index="1">
              <value>
                <![CDATA[Opera]]>
              </value>
            </param>
            <param index="2">
              <value>
                <![CDATA[Y]]>
              </value>
            </param>
          </params>
          <reporter-output>
          </reporter-output>
        </test-method> <!-- NavigatetoXero_ID01A -->
        <test-method status="PASS" signature="NavigatetoXero_ID01A(java.lang.String, java.lang.String, java.lang.String)[pri:0, instance:com.testing.XeroAutomation.TestScriptsXero@6e06451e]" name="NavigatetoXero_ID01A" duration-ms="1" started-at="2018-04-15T14:20:47Z" data-provider="getDataFromExcel" finished-at="2018-04-15T14:20:47Z">
          <params>
            <param index="0">
              <value>
                <![CDATA[IncorrectEmail_ID01C]]>
              </value>
            </param>
            <param index="1">
              <value>
                <![CDATA[FF]]>
              </value>
            </param>
            <param index="2">
              <value>
                <![CDATA[N]]>
              </value>
            </param>
          </params>
          <reporter-output>
          </reporter-output>
        </test-method> <!-- NavigatetoXero_ID01A -->
        <test-method status="PASS" signature="NavigatetoXero_ID01A(java.lang.String, java.lang.String, java.lang.String)[pri:0, instance:com.testing.XeroAutomation.TestScriptsXero@6e06451e]" name="NavigatetoXero_ID01A" duration-ms="1" started-at="2018-04-15T14:20:47Z" data-provider="getDataFromExcel" finished-at="2018-04-15T14:20:47Z">
          <params>
            <param index="0">
              <value>
                <![CDATA[NavigateToXero_ID01D]]>
              </value>
            </param>
            <param index="1">
              <value>
                <![CDATA[FF]]>
              </value>
            </param>
            <param index="2">
              <value>
                <![CDATA[N]]>
              </value>
            </param>
          </params>
          <reporter-output>
          </reporter-output>
        </test-method> <!-- NavigatetoXero_ID01A -->
        <test-method status="PASS" signature="NavigatetoXero_ID01A(java.lang.String, java.lang.String, java.lang.String)[pri:0, instance:com.testing.XeroAutomation.TestScriptsXero@6e06451e]" name="NavigatetoXero_ID01A" duration-ms="1" started-at="2018-04-15T14:20:47Z" data-provider="getDataFromExcel" finished-at="2018-04-15T14:20:47Z">
          <params>
            <param index="0">
              <value>
                <![CDATA[signUpToXDC_ID02A]]>
              </value>
            </param>
            <param index="1">
              <value>
                <![CDATA[Chrome]]>
              </value>
            </param>
            <param index="2">
              <value>
                <![CDATA[N]]>
              </value>
            </param>
          </params>
          <reporter-output>
          </reporter-output>
        </test-method> <!-- NavigatetoXero_ID01A -->
        <test-method status="PASS" signature="NavigatetoXero_ID01A(java.lang.String, java.lang.String, java.lang.String)[pri:0, instance:com.testing.XeroAutomation.TestScriptsXero@6e06451e]" name="NavigatetoXero_ID01A" duration-ms="1" started-at="2018-04-15T14:20:47Z" data-provider="getDataFromExcel" finished-at="2018-04-15T14:20:47Z">
          <params>
            <param index="0">
              <value>
                <![CDATA[signUpToXDC_ID02B]]>
              </value>
            </param>
            <param index="1">
              <value>
                <![CDATA[FF]]>
              </value>
            </param>
            <param index="2">
              <value>
                <![CDATA[N]]>
              </value>
            </param>
          </params>
          <reporter-output>
          </reporter-output>
        </test-method> <!-- NavigatetoXero_ID01A -->
        <test-method status="PASS" signature="NavigatetoXero_ID01A(java.lang.String, java.lang.String, java.lang.String)[pri:0, instance:com.testing.XeroAutomation.TestScriptsXero@6e06451e]" name="NavigatetoXero_ID01A" duration-ms="1" started-at="2018-04-15T14:20:47Z" data-provider="getDataFromExcel" finished-at="2018-04-15T14:20:47Z">
          <params>
            <param index="0">
              <value>
                <![CDATA[signUpToXDC_ID02C]]>
              </value>
            </param>
            <param index="1">
              <value>
                <![CDATA[FF]]>
              </value>
            </param>
            <param index="2">
              <value>
                <![CDATA[N]]>
              </value>
            </param>
          </params>
          <reporter-output>
          </reporter-output>
        </test-method> <!-- NavigatetoXero_ID01A -->
        <test-method status="PASS" signature="NavigatetoXero_ID01A(java.lang.String, java.lang.String, java.lang.String)[pri:0, instance:com.testing.XeroAutomation.TestScriptsXero@6e06451e]" name="NavigatetoXero_ID01A" duration-ms="1" started-at="2018-04-15T14:20:47Z" data-provider="getDataFromExcel" finished-at="2018-04-15T14:20:47Z">
          <params>
            <param index="0">
              <value>
                <![CDATA[signUpToXDC_ID02D]]>
              </value>
            </param>
            <param index="1">
              <value>
                <![CDATA[FF]]>
              </value>
            </param>
            <param index="2">
              <value>
                <![CDATA[N]]>
              </value>
            </param>
          </params>
          <reporter-output>
          </reporter-output>
        </test-method> <!-- NavigatetoXero_ID01A -->
        <test-method status="PASS" signature="NavigatetoXero_ID01A(java.lang.String, java.lang.String, java.lang.String)[pri:0, instance:com.testing.XeroAutomation.TestScriptsXero@6e06451e]" name="NavigatetoXero_ID01A" duration-ms="1" started-at="2018-04-15T14:20:47Z" data-provider="getDataFromExcel" finished-at="2018-04-15T14:20:47Z">
          <params>
            <param index="0">
              <value>
                <![CDATA[signUpToXDC_ID02E]]>
              </value>
            </param>
            <param index="1">
              <value>
                <![CDATA[FF]]>
              </value>
            </param>
            <param index="2">
              <value>
                <![CDATA[N]]>
              </value>
            </param>
          </params>
          <reporter-output>
          </reporter-output>
        </test-method> <!-- NavigatetoXero_ID01A -->
        <test-method status="PASS" signature="NavigatetoXero_ID01A(java.lang.String, java.lang.String, java.lang.String)[pri:0, instance:com.testing.XeroAutomation.TestScriptsXero@6e06451e]" name="NavigatetoXero_ID01A" duration-ms="1" started-at="2018-04-15T14:20:47Z" data-provider="getDataFromExcel" finished-at="2018-04-15T14:20:47Z">
          <params>
            <param index="0">
              <value>
                <![CDATA[testAllTabsPage_ID03A]]>
              </value>
            </param>
            <param index="1">
              <value>
                <![CDATA[FF]]>
              </value>
            </param>
            <param index="2">
              <value>
                <![CDATA[N]]>
              </value>
            </param>
          </params>
          <reporter-output>
          </reporter-output>
        </test-method> <!-- NavigatetoXero_ID01A -->
        <test-method status="PASS" signature="NavigatetoXero_ID01A(java.lang.String, java.lang.String, java.lang.String)[pri:0, instance:com.testing.XeroAutomation.TestScriptsXero@6e06451e]" name="NavigatetoXero_ID01A" duration-ms="1" started-at="2018-04-15T14:20:47Z" data-provider="getDataFromExcel" finished-at="2018-04-15T14:20:47Z">
          <params>
            <param index="0">
              <value>
                <![CDATA[logoutFuctionality_ID04A]]>
              </value>
            </param>
            <param index="1">
              <value>
                <![CDATA[FF]]>
              </value>
            </param>
            <param index="2">
              <value>
                <![CDATA[N]]>
              </value>
            </param>
          </params>
          <reporter-output>
          </reporter-output>
        </test-method> <!-- NavigatetoXero_ID01A -->
        <test-method status="PASS" signature="NavigatetoXero_ID01A(java.lang.String, java.lang.String, java.lang.String)[pri:0, instance:com.testing.XeroAutomation.TestScriptsXero@6e06451e]" name="NavigatetoXero_ID01A" duration-ms="2" started-at="2018-04-15T14:20:47Z" data-provider="getDataFromExcel" finished-at="2018-04-15T14:20:47Z">
          <params>
            <param index="0">
              <value>
                <![CDATA[uploadProfileImage_ID06A]]>
              </value>
            </param>
            <param index="1">
              <value>
                <![CDATA[FF]]>
              </value>
            </param>
            <param index="2">
              <value>
                <![CDATA[N]]>
              </value>
            </param>
          </params>
          <reporter-output>
          </reporter-output>
        </test-method> <!-- NavigatetoXero_ID01A -->
        <test-method status="PASS" signature="NavigatetoXero_ID01A(java.lang.String, java.lang.String, java.lang.String)[pri:0, instance:com.testing.XeroAutomation.TestScriptsXero@6e06451e]" name="NavigatetoXero_ID01A" duration-ms="1" started-at="2018-04-15T14:20:47Z" data-provider="getDataFromExcel" finished-at="2018-04-15T14:20:47Z">
          <params>
            <param index="0">
              <value>
                <![CDATA[addOrganizationTrial_ID08A]]>
              </value>
            </param>
            <param index="1">
              <value>
                <![CDATA[FF]]>
              </value>
            </param>
            <param index="2">
              <value>
                <![CDATA[N]]>
              </value>
            </param>
          </params>
          <reporter-output>
          </reporter-output>
        </test-method> <!-- NavigatetoXero_ID01A -->
        <test-method status="PASS" signature="NavigatetoXero_ID01A(java.lang.String, java.lang.String, java.lang.String)[pri:0, instance:com.testing.XeroAutomation.TestScriptsXero@6e06451e]" name="NavigatetoXero_ID01A" duration-ms="1" started-at="2018-04-15T14:20:47Z" data-provider="getDataFromExcel" finished-at="2018-04-15T14:20:47Z">
          <params>
            <param index="0">
              <value>
                <![CDATA[addOrganizationPaid_ID08B]]>
              </value>
            </param>
            <param index="1">
              <value>
                <![CDATA[FF]]>
              </value>
            </param>
            <param index="2">
              <value>
                <![CDATA[N]]>
              </value>
            </param>
          </params>
          <reporter-output>
          </reporter-output>
        </test-method> <!-- NavigatetoXero_ID01A -->
        <test-method status="PASS" signature="NavigatetoXero_ID01A(java.lang.String, java.lang.String, java.lang.String)[pri:0, instance:com.testing.XeroAutomation.TestScriptsXero@6e06451e]" name="NavigatetoXero_ID01A" duration-ms="2" started-at="2018-04-15T14:20:47Z" data-provider="getDataFromExcel" finished-at="2018-04-15T14:20:47Z">
          <params>
            <param index="0">
              <value>
                <![CDATA[addOrganizationStarterPlan_ID08C]]>
              </value>
            </param>
            <param index="1">
              <value>
                <![CDATA[FF]]>
              </value>
            </param>
            <param index="2">
              <value>
                <![CDATA[N]]>
              </value>
            </param>
          </params>
          <reporter-output>
          </reporter-output>
        </test-method> <!-- NavigatetoXero_ID01A -->
        <test-method status="PASS" signature="NavigatetoXero_ID01A(java.lang.String, java.lang.String, java.lang.String)[pri:0, instance:com.testing.XeroAutomation.TestScriptsXero@6e06451e]" name="NavigatetoXero_ID01A" duration-ms="1" started-at="2018-04-15T14:20:47Z" data-provider="getDataFromExcel" finished-at="2018-04-15T14:20:47Z">
          <params>
            <param index="0">
              <value>
                <![CDATA[addOrganizationStandardPlan_ID08D]]>
              </value>
            </param>
            <param index="1">
              <value>
                <![CDATA[FF]]>
              </value>
            </param>
            <param index="2">
              <value>
                <![CDATA[N]]>
              </value>
            </param>
          </params>
          <reporter-output>
          </reporter-output>
        </test-method> <!-- NavigatetoXero_ID01A -->
        <test-method status="PASS" signature="NavigatetoXero_ID01A(java.lang.String, java.lang.String, java.lang.String)[pri:0, instance:com.testing.XeroAutomation.TestScriptsXero@6e06451e]" name="NavigatetoXero_ID01A" duration-ms="1" started-at="2018-04-15T14:20:47Z" data-provider="getDataFromExcel" finished-at="2018-04-15T14:20:47Z">
          <params>
            <param index="0">
              <value>
                <![CDATA[addOrganizationPremiumPlan_ID08E]]>
              </value>
            </param>
            <param index="1">
              <value>
                <![CDATA[FF]]>
              </value>
            </param>
            <param index="2">
              <value>
                <![CDATA[N]]>
              </value>
            </param>
          </params>
          <reporter-output>
          </reporter-output>
        </test-method> <!-- NavigatetoXero_ID01A -->
        <test-method status="PASS" signature="NavigatetoXero_ID01A(java.lang.String, java.lang.String, java.lang.String)[pri:0, instance:com.testing.XeroAutomation.TestScriptsXero@6e06451e]" name="NavigatetoXero_ID01A" duration-ms="1" started-at="2018-04-15T14:20:47Z" data-provider="getDataFromExcel" finished-at="2018-04-15T14:20:47Z">
          <params>
            <param index="0">
              <value>
                <![CDATA[addOrganizationQuickBooks_ID08F]]>
              </value>
            </param>
            <param index="1">
              <value>
                <![CDATA[FF]]>
              </value>
            </param>
            <param index="2">
              <value>
                <![CDATA[N]]>
              </value>
            </param>
          </params>
          <reporter-output>
          </reporter-output>
        </test-method> <!-- NavigatetoXero_ID01A -->
        <test-method status="PASS" signature="NavigatetoXero_ID01A(java.lang.String, java.lang.String, java.lang.String)[pri:0, instance:com.testing.XeroAutomation.TestScriptsXero@6e06451e]" name="NavigatetoXero_ID01A" duration-ms="0" started-at="2018-04-15T14:20:47Z" data-provider="getDataFromExcel" finished-at="2018-04-15T14:20:47Z">
          <params>
            <param index="0">
              <value>
                <![CDATA[checkBillingInfo_ID10]]>
              </value>
            </param>
            <param index="1">
              <value>
                <![CDATA[FF]]>
              </value>
            </param>
            <param index="2">
              <value>
                <![CDATA[N]]>
              </value>
            </param>
          </params>
          <reporter-output>
          </reporter-output>
        </test-method> <!-- NavigatetoXero_ID01A -->
        <test-method status="PASS" signature="AfterTest()[pri:0, instance:com.testing.XeroAutomation.TestScriptsXero@6e06451e]" name="AfterTest" is-config="true" duration-ms="503" started-at="2018-04-15T14:20:47Z" finished-at="2018-04-15T14:20:48Z">
          <reporter-output>
          </reporter-output>
        </test-method> <!-- AfterTest -->
      </class> <!-- com.testing.XeroAutomation.TestScriptsXero -->
    </test> <!-- Default test -->
  </suite> <!-- Default suite -->
</testng-results>
