<?xml version="1.0" encoding="UTF-8"?>
<!-- Generated by org.testng.reporters.JUnitXMLReporter -->
<testsuite hostname="sindhujas-MacBook-Pro.local" name="XeroTest" tests="2" failures="0" timestamp="15 Apr 2018 20:50:10 GMT" time="0.375" errors="0">
  <testcase name="NavigatetoXero_ID01A" time="0.006" classname="com.testing.XeroAutomation.TestScriptsXero"/>
  <testcase name="NavigatetoXero_ID01A" time="0.002" classname="com.testing.XeroAutomation.TestScriptsXero"/>
</testsuite> <!-- XeroTest -->
