<?xml version="1.0" encoding="UTF-8"?>
<!-- Generated by org.testng.reporters.JUnitXMLReporter -->
<testsuite hostname="sindhujas-MacBook-Pro.local" name="Default test" tests="21" failures="0" timestamp="15 Apr 2018 21:20:48 GMT" time="34.441" errors="0">
  <testcase name="NavigatetoXero_ID01A" time="0.007" classname="com.testing.XeroAutomation.TestScriptsXero"/>
  <testcase name="NavigatetoXero_ID01A" time="17.591" classname="com.testing.XeroAutomation.TestScriptsXero"/>
  <testcase name="NavigatetoXero_ID01A" time="15.89" classname="com.testing.XeroAutomation.TestScriptsXero"/>
  <testcase name="NavigatetoXero_ID01A" time="0.002" classname="com.testing.XeroAutomation.TestScriptsXero"/>
  <testcase name="NavigatetoXero_ID01A" time="0.001" classname="com.testing.XeroAutomation.TestScriptsXero"/>
  <testcase name="NavigatetoXero_ID01A" time="0.001" classname="com.testing.XeroAutomation.TestScriptsXero"/>
  <testcase name="NavigatetoXero_ID01A" time="0.001" classname="com.testing.XeroAutomation.TestScriptsXero"/>
  <testcase name="NavigatetoXero_ID01A" time="0.001" classname="com.testing.XeroAutomation.TestScriptsXero"/>
  <testcase name="NavigatetoXero_ID01A" time="0.001" classname="com.testing.XeroAutomation.TestScriptsXero"/>
  <testcase name="NavigatetoXero_ID01A" time="0.001" classname="com.testing.XeroAutomation.TestScriptsXero"/>
  <testcase name="NavigatetoXero_ID01A" time="0.001" classname="com.testing.XeroAutomation.TestScriptsXero"/>
  <testcase name="NavigatetoXero_ID01A" time="0.001" classname="com.testing.XeroAutomation.TestScriptsXero"/>
  <testcase name="NavigatetoXero_ID01A" time="0.001" classname="com.testing.XeroAutomation.TestScriptsXero"/>
  <testcase name="NavigatetoXero_ID01A" time="0.002" classname="com.testing.XeroAutomation.TestScriptsXero"/>
  <testcase name="NavigatetoXero_ID01A" time="0.001" classname="com.testing.XeroAutomation.TestScriptsXero"/>
  <testcase name="NavigatetoXero_ID01A" time="0.001" classname="com.testing.XeroAutomation.TestScriptsXero"/>
  <testcase name="NavigatetoXero_ID01A" time="0.002" classname="com.testing.XeroAutomation.TestScriptsXero"/>
  <testcase name="NavigatetoXero_ID01A" time="0.001" classname="com.testing.XeroAutomation.TestScriptsXero"/>
  <testcase name="NavigatetoXero_ID01A" time="0.001" classname="com.testing.XeroAutomation.TestScriptsXero"/>
  <testcase name="NavigatetoXero_ID01A" time="0.001" classname="com.testing.XeroAutomation.TestScriptsXero"/>
  <testcase name="NavigatetoXero_ID01A" time="0.0" classname="com.testing.XeroAutomation.TestScriptsXero"/>
</testsuite> <!-- Default test -->
